\BOOKMARK [0][-]{section*.1}{\376\377\000A\000b\000s\000t\000r\000a\000c\000t}{}% 1
\BOOKMARK [0][-]{contents.0}{\376\377\000T\000a\000b\000l\000e\000\040\000o\000f\000\040\000C\000o\000n\000t\000e\000n\000t\000s}{}% 2
\BOOKMARK [0][-]{tables.0}{\376\377\000L\000i\000s\000t\000\040\000o\000f\000\040\000T\000a\000b\000l\000e\000s}{}% 3
\BOOKMARK [0][-]{figures.0}{\376\377\000L\000i\000s\000t\000\040\000o\000f\000\040\000F\000i\000g\000u\000r\000e\000s}{}% 4
\BOOKMARK [0][-]{section*.6}{\376\377\000A\000c\000k\000n\000o\000w\000l\000e\000d\000g\000e\000m\000e\000n\000t\000s}{}% 5
\BOOKMARK [0][-]{chapter.1}{\376\377\000L\000i\000t\000e\000r\000a\000t\000u\000r\000e\000\040\000R\000e\000v\000i\000e\000w}{}% 6
\BOOKMARK [1][-]{section.1.1}{\376\377\000t\000e\000r\000m\000i\000n\000o\000l\000o\000g\000y}{chapter.1}% 7
\BOOKMARK [2][-]{subsection.1.1.1}{\376\377\000G\000r\000a\000p\000h\000\040\000C\000o\000l\000o\000r\000i\000n\000g\000\040\000a\000n\000d\000\040\000C\000h\000r\000o\000m\000a\000t\000i\000c\000\040\000n\000u\000m\000b\000e\000r}{section.1.1}% 8
\BOOKMARK [2][-]{subsection.1.1.2}{\376\377\000M\000a\000t\000c\000h\000i\000n\000g\000s}{section.1.1}% 9
\BOOKMARK [2][-]{subsection.1.1.3}{\376\377\000C\000l\000i\000q\000u\000e\000\040\000a\000n\000d\000\040\000C\000l\000i\000q\000u\000e\000\040\000n\000u\000m\000b\000e\000r}{section.1.1}% 10
\BOOKMARK [2][-]{subsection.1.1.4}{\376\377\000G\000r\000a\000p\000h\000\040\000t\000h\000i\000c\000k\000n\000e\000s\000s}{section.1.1}% 11
\BOOKMARK [2][-]{subsection.1.1.5}{\376\377\000P\000l\000a\000n\000a\000r\000\040\000G\000r\000a\000p\000h\000s}{section.1.1}% 12
\BOOKMARK [2][-]{subsection.1.1.6}{\376\377\000A\000r\000b\000o\000r\000i\000c\000i\000t\000y}{section.1.1}% 13
\BOOKMARK [2][-]{subsection.1.1.7}{\376\377\000F\000o\000u\000r\000\040\000c\000o\000l\000o\000u\000r\000\040\000T\000h\000e\000o\000r\000e\000m}{section.1.1}% 14
\BOOKMARK [2][-]{subsection.1.1.8}{\376\377\000M\000-\000p\000i\000r\000e\000\040\000p\000r\000o\000b\000l\000e\000m}{section.1.1}% 15
\BOOKMARK [2][-]{subsection.1.1.9}{\376\377\000E\000a\000r\000t\000h\000-\000M\000o\000o\000n\000\040\000p\000r\000o\000b\000l\000e\000m}{section.1.1}% 16
\BOOKMARK [1][-]{section.1.2}{\376\377\000G\000r\000a\000c\000e\000f\000u\000l\000\040\000l\000a\000b\000e\000l\000i\000n\000g}{chapter.1}% 17
\BOOKMARK [2][-]{subsection.1.2.1}{\376\377\000M\000\040\000m\000o\000d\000u\000l\000o\000\040\000N\000\040\000g\000r\000a\000c\000e\000f\000u\000l\000\040\000l\000a\000b\000e\000l\000i\000n\000g}{section.1.2}% 18
\BOOKMARK [1][-]{section.1.3}{\376\377\000L\000e\000x\000i\000c\000o\000g\000r\000a\000p\000h\000i\000c\000\040\000p\000r\000o\000d\000u\000c\000t\000\040\000o\000f\000\040\000G\000r\000a\000p\000h\000s}{chapter.1}% 19
\BOOKMARK [2][-]{subsection.1.3.1}{\376\377\000K\000n\000o\000w\000n\000\040\000p\000r\000o\000p\000e\000r\000t\000i\000e\000s\000\040\000o\000f\000\040\000i\000n\000f\000l\000a\000t\000e\000d\000\040\000g\000r\000a\000p\000h\000s}{section.1.3}% 20
\BOOKMARK [1][-]{section.1.4}{\376\377\000I\000n\000d\000e\000p\000e\000n\000d\000e\000n\000c\000e\000\040\000r\000a\000t\000i\000o}{chapter.1}% 21
\BOOKMARK [1][-]{section.1.5}{\376\377\000P\000e\000r\000m\000u\000t\000e\000d\000\040\000l\000a\000y\000e\000r\000\040\000g\000r\000a\000p\000h\000s}{chapter.1}% 22
\BOOKMARK [1][-]{section.1.6}{\376\377\000T\000h\000e\000\040\000H\000a\000j\000o\000s\000\040\000c\000o\000n\000s\000t\000r\000u\000c\000t\000i\000o\000n}{chapter.1}% 23
\BOOKMARK [1][-]{section.1.7}{\376\377\000C\000a\000t\000l\000i\000n\040\031\000s\000\040\000g\000r\000a\000p\000h\000s}{chapter.1}% 24
\BOOKMARK [1][-]{section.1.8}{\376\377\000C\000o\000n\000s\000t\000r\000u\000c\000t\000i\000n\000g\000\040\000g\000r\000a\000p\000h\000s\000\040\000w\000i\000t\000h\000\040\000t\000a\000r\000g\000e\000t\000e\000d\000\040\000t\000h\000i\000c\000k\000n\000e\000s\000s}{chapter.1}% 25
\BOOKMARK [1][-]{section.1.9}{\376\377\000P\000l\000a\000n\000a\000r\000\040\000T\000r\000i\000a\000n\000g\000u\000l\000a\000t\000i\000o\000n\000s}{chapter.1}% 26
\BOOKMARK [2][-]{subsection.1.9.1}{\376\377\000F\000l\000i\000p\000s\000\040\000i\000n\000\040\000p\000l\000a\000n\000a\000r\000\040\000g\000r\000a\000p\000h\000s}{section.1.9}% 27
\BOOKMARK [2][-]{subsection.1.9.2}{\376\377\000p\000o\000s\000s\000i\000b\000l\000e\000:}{section.1.9}% 28
\BOOKMARK [2][-]{subsection.1.9.3}{\376\377\000E\000n\000u\000m\000e\000r\000a\000t\000i\000o\000n}{section.1.9}% 29
\BOOKMARK [1][-]{section.1.10}{\376\377\000P\000r\000o\000g\000r\000a\000m\000m\000i\000n\000g\000\040\000l\000a\000n\000g\000u\000a\000g\000e\000\040\000s\000e\000l\000e\000c\000t\000i\000o\000n}{chapter.1}% 30
\BOOKMARK [2][-]{subsection.1.10.1}{\376\377\000L\000i\000b\000r\000a\000r\000i\000e\000s}{section.1.10}% 31
\BOOKMARK [1][-]{section.1.11}{\376\377\000C\000u\000r\000r\000e\000n\000t\000\040\000s\000o\000f\000t\000w\000a\000r\000e\000\040\000s\000o\000l\000u\000t\000i\000o\000n\000s}{chapter.1}% 32
\BOOKMARK [0][-]{chapter.2}{\376\377\000M\000e\000t\000h\000o\000d\000o\000l\000o\000g\000y}{}% 33
\BOOKMARK [0][-]{section*.33}{\376\377\000R\000e\000f\000e\000r\000e\000n\000c\000e\000s}{}% 34
\BOOKMARK [0][-]{appendix.A}{\376\377\000F\000i\000r\000s\000t\000\040\000A\000p\000p\000e\000n\000d\000i\000x}{}% 35
